\BOOKMARK [1][-]{section*.1}{\376\377\144\130\211\201}{}% 1
\BOOKMARK [1][-]{section*.2}{\376\377\000A\000b\000s\000t\000r\000a\000c\000t}{}% 2
\BOOKMARK [1][-]{section.1}{\376\377\176\352\213\272}{}% 3
\BOOKMARK [2][-]{subsection.1.1}{\376\377\220\011\230\230\200\314\146\157\116\016\141\017\116\111}{section.1}% 4
\BOOKMARK [2][-]{subsection.1.2}{\376\377\166\370\121\163\170\024\172\166}{section.1}% 5
\BOOKMARK [3][-]{subsubsection.1.2.1}{\376\377\116\073\121\205\133\130\225\056\120\074\145\160\143\156\136\223}{subsection.1.2}% 6
\BOOKMARK [3][-]{subsubsection.1.2.2}{\376\377\116\073\121\205\133\130\116\213\122\241\116\016\136\166\123\321\143\247\122\066}{subsection.1.2}% 7
\BOOKMARK [3][-]{subsubsection.1.2.3}{\376\377\123\357\142\151\134\125\127\372\145\160\150\021\116\016\147\011\136\217\175\042\137\025}{subsection.1.2}% 8
\BOOKMARK [1][-]{section.2}{\376\377\174\373\176\337\151\202\217\360}{}% 9
\BOOKMARK [2][-]{subsection.2.1}{\376\377\174\373\176\337\213\276\213\241\123\237\122\031}{section.2}% 10
\BOOKMARK [3][-]{subsubsection.2.1.1}{\376\377\116\000\201\364\140\047\117\335\213\301}{subsection.2.1}% 11
\BOOKMARK [3][-]{subsubsection.2.1.2}{\376\377\000R\000e\000d\000i\000s\000\040\123\117\213\256\121\174\133\271\140\047}{subsection.2.1}% 12
\BOOKMARK [3][-]{subsubsection.2.1.3}{\376\377\131\032\150\070\136\166\210\114\122\051\165\050}{subsection.2.1}% 13
\BOOKMARK [2][-]{subsection.2.2}{\376\377\174\373\176\337\140\073\117\123\147\266\147\204}{section.2}% 14
\BOOKMARK [2][-]{subsection.2.3}{\376\377\000R\000e\000d\000i\000s\000\040\000S\000e\000r\000i\000a\000l\000i\000z\000a\000t\000i\000o\000n\000\040\000P\000r\000o\000t\000o\000c\000o\000l\000\040\133\236\163\260}{section.2}% 15
\BOOKMARK [2][-]{subsection.2.4}{\376\377\150\070\137\303\152\041\127\127\122\022\122\006}{section.2}% 16
\BOOKMARK [1][-]{section.3}{\376\377\000I\000O\000\040\116\016\176\277\172\013\152\041\127\213}{}% 17
\BOOKMARK [2][-]{subsection.3.1}{\376\377\127\372\116\216\000\040\000F\000i\000b\000e\000r\000\040\166\204\137\002\153\145\000\040\000I\000O}{section.3}% 18
\BOOKMARK [2][-]{subsection.3.2}{\376\377\000F\000i\000b\000e\000r\000\040\214\003\136\246\147\072\122\066}{section.3}% 19
\BOOKMARK [2][-]{subsection.3.3}{\376\377\000S\000h\000a\000r\000e\000d\000-\000N\000o\000t\000h\000i\000n\000g\000\040\176\277\172\013\152\041\127\213}{section.3}% 20
\BOOKMARK [1][-]{section.4}{\376\377\127\372\116\216\000\040\000V\000L\000L\000\040\166\204\116\213\122\241\150\106\147\266}{}% 21
\BOOKMARK [2][-]{subsection.4.1}{\376\377\000V\000L\000L\377\032\215\205\217\173\221\317\225\001\147\072\122\066}{section.4}% 22
\BOOKMARK [2][-]{subsection.4.2}{\376\377\000I\000d\000l\000e\000K\000V\000\040\116\213\122\241\133\236\163\260}{section.4}% 23
\BOOKMARK [3][-]{subsubsection.4.2.1}{\376\377\116\213\122\241\154\350\121\214}{subsection.4.2}% 24
\BOOKMARK [3][-]{subsubsection.4.2.2}{\376\377\116\213\122\241\142\147\210\114}{subsection.4.2}% 25
\BOOKMARK [2][-]{subsection.4.3}{\376\377\116\213\122\241\142\147\210\114\117\030\123\026}{section.4}% 26
\BOOKMARK [3][-]{subsubsection.4.3.1}{\376\377\000P\000i\000p\000e\000l\000i\000n\000e\000\040\117\030\123\026}{subsection.4.3}% 27
\BOOKMARK [3][-]{subsubsection.4.3.2}{\376\377\123\125\122\006\162\107\124\175\116\344\117\030\123\026}{subsection.4.3}% 28
\BOOKMARK [3][-]{subsubsection.4.3.3}{\376\377\116\161\136\217\142\147\210\114\117\030\123\026}{subsection.4.3}% 29
\BOOKMARK [1][-]{section.5}{\376\377\000D\000B\000\040\133\130\120\250\176\323\147\204}{}% 30
\BOOKMARK [2][-]{subsection.5.1}{\376\377\213\276\213\241\166\356\150\007\116\016\140\073\117\123\176\304\176\307}{section.5}% 31
\BOOKMARK [2][-]{subsection.5.2}{\376\377\220\032\165\050\225\056\120\074\134\102}{section.5}% 32
\BOOKMARK [3][-]{subsubsection.5.2.1}{\376\377\133\371\214\141\210\150\171\072\116\016\165\037\124\175\124\150\147\037\173\241\164\006}{subsection.5.2}% 33
\BOOKMARK [3][-]{subsubsection.5.2.2}{\376\377\000K\000v\000S\000t\000o\000r\000e\000\040\166\204\133\236\163\260}{subsection.5.2}% 34
\BOOKMARK [2][-]{subsection.5.3}{\376\377\000A\000R\000T\000\040\147\011\136\217\175\042\137\025}{section.5}% 35
\BOOKMARK [3][-]{subsubsection.5.3.1}{\376\377\201\352\220\002\136\224\202\202\160\271\136\003\134\100\116\016\215\357\137\204\123\213\177\051}{subsection.5.3}% 36
\BOOKMARK [3][-]{subsubsection.5.3.2}{\376\377\147\011\136\217\177\026\170\001\116\016\156\070\150\007\142\153\143\317}{subsection.5.3}% 37
\BOOKMARK [3][-]{subsubsection.5.3.3}{\376\377\127\372\116\216\133\120\150\021\213\241\145\160\166\204\000\040\000R\000a\000n\000k\000\040\133\232\117\115}{subsection.5.3}% 38
\BOOKMARK [2][-]{subsection.5.4}{\376\377\000Z\000S\000e\000t\000\040\133\371\214\141\213\276\213\241}{section.5}% 39
\BOOKMARK [3][-]{subsubsection.5.4.1}{\376\377\123\314\175\042\137\025\140\073\117\123\145\271\150\110}{subsection.5.4}% 40
\BOOKMARK [3][-]{subsubsection.5.4.2}{\376\377\146\364\145\260\060\001\122\040\226\144\116\016\203\003\126\364\147\345\213\342}{subsection.5.4}% 41
\BOOKMARK [2][-]{subsection.5.5}{\376\377\131\015\147\102\136\246\122\006\147\220\116\016\135\345\172\013\147\103\210\141}{section.5}% 42
\BOOKMARK [1][-]{section.6}{\376\377\174\373\176\337\155\113\213\325}{}% 43
\BOOKMARK [2][-]{subsection.6.1}{\376\377\170\154\116\366\116\016\217\157\116\366\163\257\130\203}{section.6}% 44
\BOOKMARK [2][-]{subsection.6.2}{\376\377\000R\000e\000d\000i\000s\000\040\000V\000S\000\040\000I\000d\000l\000e\000K\000V}{section.6}% 45
\BOOKMARK [3][-]{subsubsection.6.2.1}{\376\377\000G\000e\000t\000/\000S\000e\000t}{subsection.6.2}% 46
\BOOKMARK [3][-]{subsubsection.6.2.2}{\376\377\000Z\000S\000e\000t}{subsection.6.2}% 47
\BOOKMARK [3][-]{subsubsection.6.2.3}{\376\377\176\323\147\234\213\250\213\272}{subsection.6.2}% 48
\BOOKMARK [1][-]{section.7}{\376\377\140\073\176\323\116\016\134\125\147\033}{}% 49
\BOOKMARK [2][-]{subsection.7.1}{\376\377\135\345\117\134\140\073\176\323}{section.7}% 50
\BOOKMARK [2][-]{subsection.7.2}{\376\377\116\015\215\263\122\006\147\220\116\016\124\016\176\355\135\345\117\134}{section.7}% 51
\BOOKMARK [1][-]{section.8}{\376\377\201\364\214\042}{}% 52
\BOOKMARK [1][-]{section*.15}{\376\377\123\302\200\003\145\207\163\056}{}% 53
